# JRE version: OpenJDK Runtime Environment (17.0.6) (build 17.0.6+0-b2043.56-9586694)
# Java VM: OpenJDK 64-Bit Server VM (17.0.6+0-b2043.56-9586694, mixed mode, tiered, compressed oops, compressed class ptrs, g1 gc, windows-amd64)
GC Precious Log:
 CPUs: 16 total, 16 available
 Memory: 16088M
 Large Page Support: Disabled
 NUMA Support: Disabled
 Compressed Oops: Enabled (32-bit)
 Heap Region Size: 1M
 Heap Min Capacity: 8M
 Heap Initial Capacity: 252M
 Heap Max Capacity: 2G
 Pre-touch: Disabled
 Parallel Workers: 13
 Concurrent Workers: 3
 Concurrent Refinement Workers: 13
 Periodic GC: Disabled
Heap:
 garbage-first heap   total 258048K, used 113274K [0x0000000080000000, 0x0000000100000000)
  region size 1024K, 6 young (6144K), 6 survivors (6144K)
 Metaspace       used 99340K, committed 100096K, reserved 1138688K
  class space    used 13567K, committed 13952K, reserved 1048576K
GC Heap History (20 events):
Event: 9.288 GC heap after
{Heap after GC invocations=34 (full 0):
 garbage-first heap   total 124928K, used 74999K [0x0000000080000000, 0x0000000100000000)
  region size 1024K, 1 young (1024K), 1 survivors (1024K)
 Metaspace       used 84712K, committed 85312K, reserved 1122304K
  class space    used 11726K, committed 12032K, reserved 1048576K
}
Event: 9.388 GC heap before
{Heap before GC invocations=34 (full 0):
 garbage-first heap   total 124928K, used 100599K [0x0000000080000000, 0x0000000100000000)
  region size 1024K, 27 young (27648K), 1 survivors (1024K)
 Metaspace       used 84857K, committed 85504K, reserved 1122304K
  class space    used 11731K, committed 12032K, reserved 1048576K
}
Event: 9.390 GC heap after
{Heap after GC invocations=35 (full 0):
 garbage-first heap   total 150528K, used 76107K [0x0000000080000000, 0x0000000100000000)
  region size 1024K, 2 young (2048K), 2 survivors (2048K)
 Metaspace       used 84857K, committed 85504K, reserved 1122304K
  class space    used 11731K, committed 12032K, reserved 1048576K
}
Event: 9.767 GC heap before
{Heap before GC invocations=36 (full 0):
 garbage-first heap   total 150528K, used 119115K [0x0000000080000000, 0x0000000100000000)
  region size 1024K, 45 young (46080K), 2 survivors (2048K)
 Metaspace       used 85386K, committed 86016K, reserved 1130496K
  class space    used 11775K, committed 12032K, reserved 1048576K
}
Event: 9.769 GC heap after
{Heap after GC invocations=37 (full 0):
 garbage-first heap   total 150528K, used 79565K [0x0000000080000000, 0x0000000100000000)
  region size 1024K, 6 young (6144K), 6 survivors (6144K)
 Metaspace       used 85386K, committed 86016K, reserved 1130496K
  class space    used 11775K, committed 12032K, reserved 1048576K
}
Event: 9.774 GC heap before
{Heap before GC invocations=37 (full 0):
 garbage-first heap   total 150528K, used 80589K [0x0000000080000000, 0x0000000100000000)
  region size 1024K, 7 young (7168K), 6 survivors (6144K)
 Metaspace       used 85388K, committed 86016K, reserved 1130496K
  class space    used 11775K, committed 12032K, reserved 1048576K
}
Event: 9.777 GC heap after
{Heap after GC invocations=38 (full 0):
 garbage-first heap   total 150528K, used 79347K [0x0000000080000000, 0x0000000100000000)
  region size 1024K, 1 young (1024K), 1 survivors (1024K)
 Metaspace       used 85388K, committed 86016K, reserved 1130496K
  class space    used 11775K, committed 12032K, reserved 1048576K
}
Event: 10.267 GC heap before
{Heap before GC invocations=38 (full 0):
 garbage-first heap   total 150528K, used 120307K [0x0000000080000000, 0x0000000100000000)
  region size 1024K, 42 young (43008K), 1 survivors (1024K)
 Metaspace       used 87224K, committed 87872K, reserved 1130496K
  class space    used 11971K, committed 12288K, reserved 1048576K
}
Event: 10.272 GC heap after
{Heap after GC invocations=39 (full 0):
 garbage-first heap   total 150528K, used 83636K [0x0000000080000000, 0x0000000100000000)
  region size 1024K, 5 young (5120K), 5 survivors (5120K)
 Metaspace       used 87224K, committed 87872K, reserved 1130496K
  class space    used 11971K, committed 12288K, reserved 1048576K
}
Event: 10.834 GC heap before
{Heap before GC invocations=40 (full 0):
 garbage-first heap   total 150528K, used 122548K [0x0000000080000000, 0x0000000100000000)
  region size 1024K, 42 young (43008K), 5 survivors (5120K)
 Metaspace       used 93857K, committed 94464K, reserved 1138688K
  class space    used 12810K, committed 13056K, reserved 1048576K
}
Event: 10.838 GC heap after
{Heap after GC invocations=41 (full 0):
 garbage-first heap   total 150528K, used 90438K [0x0000000080000000, 0x0000000100000000)
  region size 1024K, 5 young (5120K), 5 survivors (5120K)
 Metaspace       used 93857K, committed 94464K, reserved 1138688K
  class space    used 12810K, committed 13056K, reserved 1048576K
}
Event: 10.909 GC heap before
{Heap before GC invocations=41 (full 0):
 garbage-first heap   total 150528K, used 92486K [0x0000000080000000, 0x0000000100000000)
  region size 1024K, 7 young (7168K), 5 survivors (5120K)
 Metaspace       used 93866K, committed 94528K, reserved 1138688K
  class space    used 12810K, committed 13056K, reserved 1048576K
}
Event: 10.912 GC heap after
{Heap after GC invocations=42 (full 0):
 garbage-first heap   total 150528K, used 91080K [0x0000000080000000, 0x0000000100000000)
  region size 1024K, 1 young (1024K), 1 survivors (1024K)
 Metaspace       used 93866K, committed 94528K, reserved 1138688K
  class space    used 12810K, committed 13056K, reserved 1048576K
}
Event: 11.659 GC heap before
{Heap before GC invocations=42 (full 0):
 garbage-first heap   total 150528K, used 122824K [0x0000000080000000, 0x0000000100000000)
  region size 1024K, 32 young (32768K), 1 survivors (1024K)
 Metaspace       used 95923K, committed 96640K, reserved 1138688K
  class space    used 13094K, committed 13440K, reserved 1048576K
}
Event: 11.663 GC heap after
{Heap after GC invocations=43 (full 0):
 garbage-first heap   total 150528K, used 95747K [0x0000000080000000, 0x0000000100000000)
  region size 1024K, 4 young (4096K), 4 survivors (4096K)
 Metaspace       used 95923K, committed 96640K, reserved 1138688K
  class space    used 13094K, committed 13440K, reserved 1048576K
}
Event: 11.834 GC heap before
{Heap before GC invocations=44 (full 0):
 garbage-first heap   total 173056K, used 121347K [0x0000000080000000, 0x0000000100000000)
  region size 1024K, 30 young (30720K), 4 survivors (4096K)
 Metaspace       used 96313K, committed 97024K, reserved 1138688K
  class space    used 13145K, committed 13504K, reserved 1048576K
}
Event: 11.838 GC heap after
{Heap after GC invocations=45 (full 0):
 garbage-first heap   total 173056K, used 97298K [0x0000000080000000, 0x0000000100000000)
  region size 1024K, 2 young (2048K), 2 survivors (2048K)
 Metaspace       used 96313K, committed 97024K, reserved 1138688K
  class space    used 13145K, committed 13504K, reserved 1048576K
}
Event: 11.865 GC heap before
{Heap before GC invocations=45 (full 0):
 garbage-first heap   total 173056K, used 102418K [0x0000000080000000, 0x0000000100000000)
  region size 1024K, 8 young (8192K), 2 survivors (2048K)
 Metaspace       used 96394K, committed 97152K, reserved 1138688K
  class space    used 13154K, committed 13504K, reserved 1048576K
}
Event: 11.867 GC heap after
{Heap after GC invocations=46 (full 0):
 garbage-first heap   total 173056K, used 96062K [0x0000000080000000, 0x0000000100000000)
  region size 1024K, 1 young (1024K), 1 survivors (1024K)
 Metaspace       used 96394K, committed 97152K, reserved 1138688K
  class space    used 13154K, committed 13504K, reserved 1048576K
}
Event: 12.164 GC heap before
{Heap before GC invocations=46 (full 0):
 garbage-first heap   total 173056K, used 152382K [0x0000000080000000, 0x0000000100000000)
  region size 1024K, 44 young (45056K), 1 survivors (1024K)
 Metaspace       used 99340K, committed 100096K, reserved 1138688K
  class space    used 13567K, committed 13952K, reserved 1048576K
}

