# JRE version: OpenJDK Runtime Environment (17.0.6) (build 17.0.6+0-b2043.56-9586694)
# Java VM: OpenJDK 64-Bit Server VM (17.0.6+0-b2043.56-9586694, mixed mode, tiered, compressed oops, compressed class ptrs, g1 gc, windows-amd64)
GC Precious Log:
 CPUs: 16 total, 16 available
 Memory: 16088M
 Large Page Support: Disabled
 NUMA Support: Disabled
 Compressed Oops: Enabled (32-bit)
 Heap Region Size: 1M
 Heap Min Capacity: 8M
 Heap Initial Capacity: 252M
 Heap Max Capacity: 2G
 Pre-touch: Disabled
 Parallel Workers: 13
 Concurrent Workers: 3
 Concurrent Refinement Workers: 13
 Periodic GC: Disabled
Heap:
 garbage-first heap   total 186368K, used 111444K [0x0000000080000000, 0x0000000100000000)
  region size 1024K, 27 young (27648K), 4 survivors (4096K)
 Metaspace       used 98507K, committed 99200K, reserved 1138688K
  class space    used 13421K, committed 13760K, reserved 1048576K
GC Heap History (20 events):
Event: 9.866 GC heap before
{Heap before GC invocations=34 (full 0):
 garbage-first heap   total 100352K, used 75903K [0x0000000080000000, 0x0000000100000000)
  region size 1024K, 25 young (25600K), 3 survivors (3072K)
 Metaspace       used 67825K, committed 68416K, reserved 1114112K
  class space    used 8915K, committed 9152K, reserved 1048576K
}
Event: 9.869 GC heap after
{Heap after GC invocations=35 (full 0):
 garbage-first heap   total 100352K, used 55151K [0x0000000080000000, 0x0000000100000000)
  region size 1024K, 2 young (2048K), 2 survivors (2048K)
 Metaspace       used 67825K, committed 68416K, reserved 1114112K
  class space    used 8915K, committed 9152K, reserved 1048576K
}
Event: 9.893 GC heap before
{Heap before GC invocations=35 (full 0):
 garbage-first heap   total 100352K, used 57199K [0x0000000080000000, 0x0000000100000000)
  region size 1024K, 4 young (4096K), 2 survivors (2048K)
 Metaspace       used 67838K, committed 68416K, reserved 1114112K
  class space    used 8916K, committed 9152K, reserved 1048576K
}
Event: 9.896 GC heap after
{Heap after GC invocations=36 (full 0):
 garbage-first heap   total 100352K, used 55111K [0x0000000080000000, 0x0000000100000000)
  region size 1024K, 1 young (1024K), 1 survivors (1024K)
 Metaspace       used 67838K, committed 68416K, reserved 1114112K
  class space    used 8916K, committed 9152K, reserved 1048576K
}
Event: 10.171 GC heap before
{Heap before GC invocations=36 (full 0):
 garbage-first heap   total 100352K, used 77639K [0x0000000080000000, 0x0000000100000000)
  region size 1024K, 23 young (23552K), 1 survivors (1024K)
 Metaspace       used 67861K, committed 68416K, reserved 1114112K
  class space    used 8919K, committed 9152K, reserved 1048576K
}
Event: 10.176 GC heap after
{Heap after GC invocations=37 (full 0):
 garbage-first heap   total 186368K, used 56182K [0x0000000080000000, 0x0000000100000000)
  region size 1024K, 2 young (2048K), 2 survivors (2048K)
 Metaspace       used 67861K, committed 68416K, reserved 1114112K
  class space    used 8919K, committed 9152K, reserved 1048576K
}
Event: 12.386 GC heap before
{Heap before GC invocations=38 (full 0):
 garbage-first heap   total 186368K, used 129910K [0x0000000080000000, 0x0000000100000000)
  region size 1024K, 74 young (75776K), 2 survivors (2048K)
 Metaspace       used 75815K, committed 76416K, reserved 1122304K
  class space    used 10221K, committed 10496K, reserved 1048576K
}
Event: 12.396 GC heap after
{Heap after GC invocations=39 (full 0):
 garbage-first heap   total 186368K, used 61667K [0x0000000080000000, 0x0000000100000000)
  region size 1024K, 7 young (7168K), 7 survivors (7168K)
 Metaspace       used 75815K, committed 76416K, reserved 1122304K
  class space    used 10221K, committed 10496K, reserved 1048576K
}
Event: 12.446 GC heap before
{Heap before GC invocations=39 (full 0):
 garbage-first heap   total 186368K, used 62691K [0x0000000080000000, 0x0000000100000000)
  region size 1024K, 9 young (9216K), 7 survivors (7168K)
 Metaspace       used 75952K, committed 76544K, reserved 1122304K
  class space    used 10245K, committed 10496K, reserved 1048576K
}
Event: 12.453 GC heap after
{Heap after GC invocations=40 (full 0):
 garbage-first heap   total 186368K, used 62053K [0x0000000080000000, 0x0000000100000000)
  region size 1024K, 1 young (1024K), 1 survivors (1024K)
 Metaspace       used 75952K, committed 76544K, reserved 1122304K
  class space    used 10245K, committed 10496K, reserved 1048576K
}
Event: 14.021 GC heap before
{Heap before GC invocations=40 (full 0):
 garbage-first heap   total 186368K, used 137829K [0x0000000080000000, 0x0000000100000000)
  region size 1024K, 75 young (76800K), 1 survivors (1024K)
 Metaspace       used 82132K, committed 82688K, reserved 1122304K
  class space    used 11123K, committed 11392K, reserved 1048576K
}
Event: 14.031 GC heap after
{Heap after GC invocations=41 (full 0):
 garbage-first heap   total 186368K, used 69144K [0x0000000080000000, 0x0000000100000000)
  region size 1024K, 8 young (8192K), 8 survivors (8192K)
 Metaspace       used 82132K, committed 82688K, reserved 1122304K
  class space    used 11123K, committed 11392K, reserved 1048576K
}
Event: 15.848 GC heap before
{Heap before GC invocations=41 (full 0):
 garbage-first heap   total 186368K, used 141848K [0x0000000080000000, 0x0000000100000000)
  region size 1024K, 79 young (80896K), 8 survivors (8192K)
 Metaspace       used 85050K, committed 85696K, reserved 1130496K
  class space    used 11726K, committed 12032K, reserved 1048576K
}
Event: 15.859 GC heap after
{Heap after GC invocations=42 (full 0):
 garbage-first heap   total 186368K, used 76364K [0x0000000080000000, 0x0000000100000000)
  region size 1024K, 8 young (8192K), 8 survivors (8192K)
 Metaspace       used 85050K, committed 85696K, reserved 1130496K
  class space    used 11726K, committed 12032K, reserved 1048576K
}
Event: 17.062 GC heap before
{Heap before GC invocations=42 (full 0):
 garbage-first heap   total 186368K, used 142924K [0x0000000080000000, 0x0000000100000000)
  region size 1024K, 74 young (75776K), 8 survivors (8192K)
 Metaspace       used 85996K, committed 86656K, reserved 1130496K
  class space    used 11808K, committed 12096K, reserved 1048576K
}
Event: 17.070 GC heap after
{Heap after GC invocations=43 (full 0):
 garbage-first heap   total 186368K, used 81282K [0x0000000080000000, 0x0000000100000000)
  region size 1024K, 6 young (6144K), 6 survivors (6144K)
 Metaspace       used 85996K, committed 86656K, reserved 1130496K
  class space    used 11808K, committed 12096K, reserved 1048576K
}
Event: 18.639 GC heap before
{Heap before GC invocations=43 (full 0):
 garbage-first heap   total 186368K, used 147842K [0x0000000080000000, 0x0000000100000000)
  region size 1024K, 70 young (71680K), 6 survivors (6144K)
 Metaspace       used 94515K, committed 95168K, reserved 1138688K
  class space    used 12856K, committed 13120K, reserved 1048576K
}
Event: 18.649 GC heap after
{Heap after GC invocations=44 (full 0):
 garbage-first heap   total 186368K, used 92590K [0x0000000080000000, 0x0000000100000000)
  region size 1024K, 9 young (9216K), 9 survivors (9216K)
 Metaspace       used 94515K, committed 95168K, reserved 1138688K
  class space    used 12856K, committed 13120K, reserved 1048576K
}
Event: 19.709 GC heap before
{Heap before GC invocations=44 (full 0):
 garbage-first heap   total 186368K, used 145838K [0x0000000080000000, 0x0000000100000000)
  region size 1024K, 62 young (63488K), 9 survivors (9216K)
 Metaspace       used 96330K, committed 97024K, reserved 1138688K
  class space    used 13110K, committed 13440K, reserved 1048576K
}
Event: 19.715 GC heap after
{Heap after GC invocations=45 (full 0):
 garbage-first heap   total 186368K, used 89940K [0x0000000080000000, 0x0000000100000000)
  region size 1024K, 4 young (4096K), 4 survivors (4096K)
 Metaspace       used 96330K, committed 97024K, reserved 1138688K
  class space    used 13110K, committed 13440K, reserved 1048576K
}

