# JRE version: OpenJDK Runtime Environment (17.0.6) (build 17.0.6+0-b2043.56-9586694)
# Java VM: OpenJDK 64-Bit Server VM (17.0.6+0-b2043.56-9586694, mixed mode, tiered, compressed oops, compressed class ptrs, g1 gc, windows-amd64)
GC Precious Log:
 CPUs: 16 total, 16 available
 Memory: 16088M
 Large Page Support: Disabled
 NUMA Support: Disabled
 Compressed Oops: Enabled (32-bit)
 Heap Region Size: 1M
 Heap Min Capacity: 8M
 Heap Initial Capacity: 252M
 Heap Max Capacity: 2G
 Pre-touch: Disabled
 Parallel Workers: 13
 Concurrent Workers: 3
 Concurrent Refinement Workers: 13
 Periodic GC: Disabled
Heap:
 garbage-first heap   total 132096K, used 76409K [0x0000000080000000, 0x0000000100000000)
  region size 1024K, 3 young (3072K), 3 survivors (3072K)
 Metaspace       used 53925K, committed 54336K, reserved 1097728K
  class space    used 7213K, committed 7360K, reserved 1048576K
GC Heap History (20 events):
Event: 4.618 GC heap after
{Heap after GC invocations=7 (full 0):
 garbage-first heap   total 71680K, used 35689K [0x0000000080000000, 0x0000000100000000)
  region size 1024K, 5 young (5120K), 5 survivors (5120K)
 Metaspace       used 31017K, committed 31360K, reserved 1081344K
  class space    used 4195K, committed 4352K, reserved 1048576K
}
Event: 4.633 GC heap before
{Heap before GC invocations=7 (full 0):
 garbage-first heap   total 71680K, used 45929K [0x0000000080000000, 0x0000000100000000)
  region size 1024K, 6 young (6144K), 5 survivors (5120K)
 Metaspace       used 31017K, committed 31360K, reserved 1081344K
  class space    used 4195K, committed 4352K, reserved 1048576K
}
Event: 4.635 GC heap after
{Heap after GC invocations=8 (full 0):
 garbage-first heap   total 71680K, used 45229K [0x0000000080000000, 0x0000000100000000)
  region size 1024K, 1 young (1024K), 1 survivors (1024K)
 Metaspace       used 31017K, committed 31360K, reserved 1081344K
  class space    used 4195K, committed 4352K, reserved 1048576K
}
Event: 4.651 GC heap before
{Heap before GC invocations=9 (full 0):
 garbage-first heap   total 83968K, used 47277K [0x0000000080000000, 0x0000000100000000)
  region size 1024K, 2 young (2048K), 1 survivors (1024K)
 Metaspace       used 31028K, committed 31360K, reserved 1081344K
  class space    used 4197K, committed 4352K, reserved 1048576K
}
Event: 4.652 GC heap after
{Heap after GC invocations=10 (full 0):
 garbage-first heap   total 83968K, used 47516K [0x0000000080000000, 0x0000000100000000)
  region size 1024K, 1 young (1024K), 1 survivors (1024K)
 Metaspace       used 31028K, committed 31360K, reserved 1081344K
  class space    used 4197K, committed 4352K, reserved 1048576K
}
Event: 4.885 GC heap before
{Heap before GC invocations=11 (full 0):
 garbage-first heap   total 92160K, used 71068K [0x0000000080000000, 0x0000000100000000)
  region size 1024K, 18 young (18432K), 1 survivors (1024K)
 Metaspace       used 33138K, committed 33472K, reserved 1081344K
  class space    used 4541K, committed 4672K, reserved 1048576K
}
Event: 4.887 GC heap after
{Heap after GC invocations=12 (full 0):
 garbage-first heap   total 110592K, used 55449K [0x0000000080000000, 0x0000000100000000)
  region size 1024K, 2 young (2048K), 2 survivors (2048K)
 Metaspace       used 33138K, committed 33472K, reserved 1081344K
  class space    used 4541K, committed 4672K, reserved 1048576K
}
Event: 5.239 GC heap before
{Heap before GC invocations=12 (full 0):
 garbage-first heap   total 110592K, used 85145K [0x0000000080000000, 0x0000000100000000)
  region size 1024K, 32 young (32768K), 2 survivors (2048K)
 Metaspace       used 37640K, committed 37952K, reserved 1081344K
  class space    used 5180K, committed 5312K, reserved 1048576K
}
Event: 5.241 GC heap after
{Heap after GC invocations=13 (full 0):
 garbage-first heap   total 110592K, used 56487K [0x0000000080000000, 0x0000000100000000)
  region size 1024K, 3 young (3072K), 3 survivors (3072K)
 Metaspace       used 37640K, committed 37952K, reserved 1081344K
  class space    used 5180K, committed 5312K, reserved 1048576K
}
Event: 5.545 GC heap before
{Heap before GC invocations=14 (full 0):
 garbage-first heap   total 110592K, used 86183K [0x0000000080000000, 0x0000000100000000)
  region size 1024K, 33 young (33792K), 3 survivors (3072K)
 Metaspace       used 40786K, committed 41152K, reserved 1089536K
  class space    used 5580K, committed 5760K, reserved 1048576K
}
Event: 5.549 GC heap after
{Heap after GC invocations=15 (full 0):
 garbage-first heap   total 110592K, used 59065K [0x0000000080000000, 0x0000000100000000)
  region size 1024K, 5 young (5120K), 5 survivors (5120K)
 Metaspace       used 40786K, committed 41152K, reserved 1089536K
  class space    used 5580K, committed 5760K, reserved 1048576K
}
Event: 6.096 GC heap before
{Heap before GC invocations=15 (full 0):
 garbage-first heap   total 110592K, used 87737K [0x0000000080000000, 0x0000000100000000)
  region size 1024K, 34 young (34816K), 5 survivors (5120K)
 Metaspace       used 45111K, committed 45504K, reserved 1089536K
  class space    used 6147K, committed 6336K, reserved 1048576K
}
Event: 6.099 GC heap after
{Heap after GC invocations=16 (full 0):
 garbage-first heap   total 110592K, used 61147K [0x0000000080000000, 0x0000000100000000)
  region size 1024K, 5 young (5120K), 5 survivors (5120K)
 Metaspace       used 45111K, committed 45504K, reserved 1089536K
  class space    used 6147K, committed 6336K, reserved 1048576K
}
Event: 6.648 GC heap before
{Heap before GC invocations=17 (full 0):
 garbage-first heap   total 110592K, used 87771K [0x0000000080000000, 0x0000000100000000)
  region size 1024K, 32 young (32768K), 5 survivors (5120K)
 Metaspace       used 50205K, committed 50560K, reserved 1097728K
  class space    used 6733K, committed 6912K, reserved 1048576K
}
Event: 6.653 GC heap after
{Heap after GC invocations=18 (full 0):
 garbage-first heap   total 110592K, used 64644K [0x0000000080000000, 0x0000000100000000)
  region size 1024K, 5 young (5120K), 5 survivors (5120K)
 Metaspace       used 50205K, committed 50560K, reserved 1097728K
  class space    used 6733K, committed 6912K, reserved 1048576K
}
Event: 6.895 GC heap before
{Heap before GC invocations=19 (full 0):
 garbage-first heap   total 119808K, used 94340K [0x0000000080000000, 0x0000000100000000)
  region size 1024K, 29 young (29696K), 5 survivors (5120K)
 Metaspace       used 51242K, committed 51648K, reserved 1097728K
  class space    used 6788K, committed 6976K, reserved 1048576K
}
Event: 6.898 GC heap after
{Heap after GC invocations=20 (full 0):
 garbage-first heap   total 119808K, used 65596K [0x0000000080000000, 0x0000000100000000)
  region size 1024K, 2 young (2048K), 2 survivors (2048K)
 Metaspace       used 51242K, committed 51648K, reserved 1097728K
  class space    used 6788K, committed 6976K, reserved 1048576K
}
Event: 7.362 GC heap before
{Heap before GC invocations=20 (full 0):
 garbage-first heap   total 119808K, used 90172K [0x0000000080000000, 0x0000000100000000)
  region size 1024K, 27 young (27648K), 2 survivors (2048K)
 Metaspace       used 53880K, committed 54272K, reserved 1097728K
  class space    used 7208K, committed 7360K, reserved 1048576K
}
Event: 7.363 GC heap after
{Heap after GC invocations=21 (full 0):
 garbage-first heap   total 119808K, used 66404K [0x0000000080000000, 0x0000000100000000)
  region size 1024K, 2 young (2048K), 2 survivors (2048K)
 Metaspace       used 53880K, committed 54272K, reserved 1097728K
  class space    used 7208K, committed 7360K, reserved 1048576K
}
Event: 7.429 GC heap before
{Heap before GC invocations=22 (full 0):
 garbage-first heap   total 132096K, used 106340K [0x0000000080000000, 0x0000000100000000)
  region size 1024K, 33 young (33792K), 2 survivors (2048K)
 Metaspace       used 53925K, committed 54336K, reserved 1097728K
  class space    used 7213K, committed 7360K, reserved 1048576K
}

